<?xml version="1.0" encoding="utf-8"?>
<!DOCTYPE coverage SYSTEM "http://cobertura.sourceforge.net/xml/coverage-04.dtd">
<coverage line-rate="0.6973321067157314" branch-rate="0.7030201342281879" lines-covered="1516" lines-valid="2174" branches-covered="419" branches-valid="596" complexity="833" version="0" timestamp="1754597810">
  <sources>
    <source>C:\development\fractaldataworks\Developer-Kit\src\FractalDataWorks.net\</source>
    <source>C:\development\fractaldataworks\Developer-Kit\src\</source>
  </sources>
  <packages>
    <package name="FractalDataWorks.CodeBuilder" line-rate="0.9835748792270531" branch-rate="0.981203007518797" complexity="375">
      <classes>
        <class name="FractalDataWorks.CodeBuilder.Builders.ClassBuilder" filename="C:\development\fractaldataworks\Developer-Kit\src\FractalDataWorks.CodeBuilder\Builders\ClassBuilder.cs" line-rate="1" branch-rate="1" complexity="77">
          <methods>
            <method name="WithNamespace" signature="(System.String)" line-rate="1" branch-rate="1" complexity="1">
              <lines>
                <line number="36" hits="4" branch="false" />
                <line number="37" hits="4" branch="false" />
                <line number="38" hits="4" branch="false" />
                <line number="39" hits="4" branch="false" />
              </lines>
            </method>
            <method name="WithUsings" signature="(System.String[])" line-rate="1" branch-rate="1" complexity="1">
              <lines>
                <line number="43" hits="4" branch="false" />
                <line number="44" hits="4" branch="false" />
                <line number="45" hits="4" branch="false" />
                <line number="46" hits="4" branch="false" />
              </lines>
            </method>
            <method name="WithName" signature="(System.String)" line-rate="1" branch-rate="1" complexity="1">
              <lines>
                <line number="50" hits="39" branch="false" />
                <line number="51" hits="39" branch="false" />
                <line number="52" hits="39" branch="false" />
                <line number="53" hits="39" branch="false" />
              </lines>
            </method>
            <method name="WithAccessModifier" signature="(System.String)" line-rate="1" branch-rate="1" complexity="1">
              <lines>
                <line number="57" hits="7" branch="false" />
                <line number="58" hits="7" branch="false" />
                <line number="59" hits="7" branch="false" />
                <line number="60" hits="7" branch="false" />
              </lines>
            </method>
            <method name="AsStatic" signature="()" line-rate="1" branch-rate="1" complexity="1">
              <lines>
                <line number="64" hits="1" branch="false" />
                <line number="65" hits="1" branch="false" />
                <line number="66" hits="1" branch="false" />
                <line number="67" hits="1" branch="false" />
              </lines>
            </method>
            <method name="AsAbstract" signature="()" line-rate="1" branch-rate="1" complexity="1">
              <lines>
                <line number="71" hits="3" branch="false" />
                <line number="72" hits="3" branch="false" />
                <line number="73" hits="3" branch="false" />
                <line number="74" hits="3" branch="false" />
                <line number="75" hits="3" branch="false" />
              </lines>
            </method>
            <method name="AsSealed" signature="()" line-rate="1" branch-rate="1" complexity="1">
              <lines>
                <line number="79" hits="3" branch="false" />
                <line number="80" hits="3" branch="false" />
                <line number="81" hits="3" branch="false" />
                <line number="82" hits="3" branch="false" />
                <line number="83" hits="3" branch="false" />
              </lines>
            </method>
            <method name="AsPartial" signature="()" line-rate="1" branch-rate="1" complexity="1">
              <lines>
                <line number="87" hits="2" branch="false" />
                <line number="88" hits="2" branch="false" />
                <line number="89" hits="2" branch="false" />
                <line number="90" hits="2" branch="false" />
              </lines>
            </method>
            <method name="WithBaseClass" signature="(System.String)" line-rate="1" branch-rate="1" complexity="1">
              <lines>
                <line number="94" hits="3" branch="false" />
                <line number="95" hits="3" branch="false" />
                <line number="96" hits="3" branch="false" />
                <line number="97" hits="3" branch="false" />
              </lines>
            </method>
            <method name="WithInterfaces" signature="(System.String[])" line-rate="1" branch-rate="1" complexity="1">
              <lines>
                <line number="101" hits="3" branch="false" />
                <line number="102" hits="3" branch="false" />
                <line number="103" hits="3" branch="false" />
                <line number="104" hits="3" branch="false" />
              </lines>
            </method>
            <method name="WithGenericParameters" signature="(System.String[])" line-rate="1" branch-rate="1" complexity="1">
              <lines>
                <line number="108" hits="5" branch="false" />
                <line number="109" hits="5" branch="false" />
                <line number="110" hits="5" branch="false" />
                <line number="111" hits="5" branch="false" />
              </lines>
            </method>
            <method name="WithGenericConstraint" signature="(System.String,System.String[])" line-rate="1" branch-rate="1" complexity="2">
              <lines>
                <line number="115" hits="4" branch="false" />
                <line number="116" hits="4" branch="true" condition-coverage="100% (2/2)" />
                <line number="117" hits="4" branch="false" />
                <line number="118" hits="4" branch="false" />
                <line number="119" hits="4" branch="false" />
                <line number="120" hits="4" branch="false" />
              </lines>
            </method>
            <method name="WithAttribute" signature="(System.String)" line-rate="1" branch-rate="1" complexity="1">
              <lines>
                <line number="124" hits="4" branch="false" />
                <line number="125" hits="4" branch="false" />
                <line number="126" hits="4" branch="false" />
                <line number="127" hits="4" branch="false" />
              </lines>
            </method>
            <method name="WithField" signature="(FractalDataWorks.CodeBuilder.Abstractions.IFieldBuilder)" line-rate="1" branch-rate="1" complexity="1">
              <lines>
                <line number="131" hits="5" branch="false" />
                <line number="132" hits="5" branch="false" />
                <line number="133" hits="5" branch="false" />
                <line number="134" hits="5" branch="false" />
              </lines>
            </method>
            <method name="WithProperty" signature="(FractalDataWorks.CodeBuilder.Abstractions.IPropertyBuilder)" line-rate="1" branch-rate="1" complexity="1">
              <lines>
                <line number="138" hits="3" branch="false" />
                <line number="139" hits="3" branch="false" />
                <line number="140" hits="3" branch="false" />
                <line number="141" hits="3" branch="false" />
              </lines>
            </method>
            <method name="WithMethod" signature="(FractalDataWorks.CodeBuilder.Abstractions.IMethodBuilder)" line-rate="1" branch-rate="1" complexity="1">
              <lines>
                <line number="145" hits="2" branch="false" />
                <line number="146" hits="2" branch="false" />
                <line number="147" hits="2" branch="false" />
                <line number="148" hits="2" branch="false" />
              </lines>
            </method>
            <method name="WithConstructor" signature="(FractalDataWorks.CodeBuilder.Abstractions.IConstructorBuilder)" line-rate="1" branch-rate="1" complexity="1">
              <lines>
                <line number="152" hits="1" branch="false" />
                <line number="153" hits="1" branch="false" />
                <line number="154" hits="1" branch="false" />
                <line number="155" hits="1" branch="false" />
              </lines>
            </method>
            <method name="WithNestedClass" signature="(FractalDataWorks.CodeBuilder.Abstractions.IClassBuilder)" line-rate="1" branch-rate="1" complexity="1">
              <lines>
                <line number="159" hits="1" branch="false" />
                <line number="160" hits="1" branch="false" />
                <line number="161" hits="1" branch="false" />
                <line number="162" hits="1" branch="false" />
              </lines>
            </method>
            <method name="WithXmlDoc" signature="(System.String)" line-rate="1" branch-rate="1" complexity="1">
              <lines>
                <line number="166" hits="3" branch="false" />
                <line number="167" hits="3" branch="false" />
                <line number="168" hits="3" branch="false" />
                <line number="169" hits="3" branch="false" />
              </lines>
            </method>
            <method name="Build" signature="()" line-rate="1" branch-rate="1" complexity="56">
              <lines>
                <line number="173" hits="40" branch="false" />
                <line number="174" hits="40" branch="false" />
                <line number="177" hits="40" branch="true" condition-coverage="100% (2/2)" />
                <line number="178" hits="4" branch="false" />
                <line number="179" hits="39" branch="true" condition-coverage="100% (2/2)" />
                <line number="180" hits="9" branch="false" />
                <line number="181" hits="9" branch="false" />
                <line number="182" hits="9" branch="false" />
                <line number="183" hits="4" branch="false" />
                <line number="184" hits="4" branch="false" />
                <line number="187" hits="40" branch="true" condition-coverage="100% (2/2)" />
                <line number="188" hits="2" branch="false" />
                <line number="189" hits="2" branch="false" />
                <line number="190" hits="2" branch="false" />
                <line number="191" hits="2" branch="false" />
                <line number="194" hits="40" branch="true" condition-coverage="100% (2/2)" />
                <line number="195" hits="3" branch="false" />
                <line number="196" hits="3" branch="false" />
                <line number="197" hits="17" branch="true" condition-coverage="100% (2/2)" />
                <line number="198" hits="4" branch="false" />
                <line number="199" hits="4" branch="false" />
                <line number="200" hits="4" branch="false" />
                <line number="201" hits="3" branch="false" />
                <line number="202" hits="3" branch="false" />
                <line number="205" hits="128" branch="true" condition-coverage="100% (2/2)" />
                <line number="206" hits="4" branch="false" />
                <line number="207" hits="4" branch="false" />
                <line number="208" hits="4" branch="false" />
                <line number="211" hits="40" branch="false" />
                <line number="212" hits="40" branch="false" />
                <line number="214" hits="41" branch="true" condition-coverage="100% (2/2)" />
                <line number="215" hits="42" branch="true" condition-coverage="100% (2/2)" />
                <line number="216" hits="42" branch="true" condition-coverage="100% (2/2)" />
                <line number="217" hits="42" branch="true" condition-coverage="100% (2/2)" />
                <line number="219" hits="40" branch="false" />
                <line number="220" hits="40" branch="false" />
                <line number="222" hits="40" branch="true" condition-coverage="100% (2/2)" />
                <line number="223" hits="5" branch="false" />
                <line number="224" hits="5" branch="false" />
                <line number="225" hits="5" branch="false" />
                <line number="228" hits="40" branch="false" />
                <line number="229" hits="40" branch="true" condition-coverage="100% (2/2)" />
                <line number="230" hits="3" branch="false" />
                <line number="231" hits="40" branch="false" />
                <line number="233" hits="40" branch="true" condition-coverage="100% (2/2)" />
                <line number="234" hits="4" branch="false" />
                <line number="235" hits="4" branch="false" />
                <line number="236" hits="4" branch="false" />
                <line number="238" hits="40" branch="false" />
                <line number="241" hits="128" branch="true" condition-coverage="100% (2/2)" />
                <line number="242" hits="4" branch="false" />
                <line number="243" hits="4" branch="false" />
                <line number="244" hits="4" branch="false" />
                <line number="245" hits="4" branch="false" />
                <line number="246" hits="4" branch="false" />
                <line number="248" hits="40" branch="false" />
                <line number="249" hits="40" branch="false" />
                <line number="252" hits="130" branch="true" condition-coverage="100% (2/2)" />
                <line number="253" hits="5" branch="false" />
                <line number="254" hits="5" branch="false" />
                <line number="255" hits="25" branch="true" condition-coverage="100% (2/2)" />
                <line number="256" hits="5" branch="false" />
                <line number="257" hits="5" branch="false" />
                <line number="258" hits="5" branch="false" />
                <line number="259" hits="5" branch="false" />
                <line number="261" hits="40" branch="true" condition-coverage="100% (8/8)" />
                <line number="262" hits="2" branch="false" />
                <line number="265" hits="122" branch="true" condition-coverage="100% (2/2)" />
                <line number="266" hits="1" branch="false" />
                <line number="267" hits="1" branch="false" />
                <line number="268" hits="5" branch="true" condition-coverage="100% (2/2)" />
                <line number="269" hits="1" branch="false" />
                <line number="270" hits="1" branch="false" />
                <line number="271" hits="1" branch="false" />
                <line number="272" hits="1" branch="false" />
                <line number="273" hits="1" branch="false" />
                <line number="276" hits="126" branch="true" condition-coverage="100% (2/2)" />
                <line number="277" hits="3" branch="false" />
                <line number="278" hits="3" branch="false" />
                <line number="279" hits="15" branch="true" condition-coverage="100% (2/2)" />
                <line number="280" hits="3" branch="false" />
                <line number="281" hits="3" branch="false" />
                <line number="282" hits="3" branch="false" />
                <line number="283" hits="3" branch="false" />
                <line number="284" hits="3" branch="false" />
                <line number="287" hits="124" branch="true" condition-coverage="100% (2/2)" />
                <line number="288" hits="2" branch="false" />
                <line number="289" hits="2" branch="false" />
                <line number="290" hits="16" branch="true" condition-coverage="100% (2/2)" />
                <line number="291" hits="5" branch="false" />
                <line number="292" hits="5" branch="false" />
                <line number="293" hits="5" branch="false" />
                <line number="294" hits="2" branch="false" />
                <line number="295" hits="2" branch="false" />
                <line number="298" hits="122" branch="true" condition-coverage="100% (2/2)" />
                <line number="299" hits="1" branch="false" />
                <line number="300" hits="1" branch="false" />
                <line number="301" hits="5" branch="true" condition-coverage="100% (2/2)" />
                <line number="302" hits="1" branch="false" />
                <line number="303" hits="1" branch="false" />
                <line number="304" hits="1" branch="false" />
                <line number="305" hits="1" branch="false" />
                <line number="306" hits="1" branch="false" />
                <line number="308" hits="40" branch="false" />
                <line number="309" hits="40" branch="false" />
                <line number="311" hits="40" branch="false" />
                <line number="312" hits="40" branch="false" />
              </lines>
            </method>
            <method name=".ctor" signature="()" line-rate="1" branch-rate="1" complexity="1">
              <lines>
                <line number="15" hits="40" branch="false" />
                <line number="16" hits="40" branch="false" />
                <line number="17" hits="40" branch="false" />
                <line number="23" hits="40" branch="false" />
                <line number="24" hits="40" branch="false" />
                <line number="25" hits="40" branch="false" />
                <line number="26" hits="40" branch="false" />
                <line number="27" hits="40" branch="false" />
                <line number="28" hits="40" branch="false" />
                <line number="29" hits="40" branch="false" />
                <line number="30" hits="40" branch="false" />
                <line number="31" hits="40" branch="false" />
              </lines>
            </method>
          </methods>
          <lines>
            <line number="15" hits="40" branch="false" />
            <line number="16" hits="40" branch="false" />
            <line number="17" hits="40" branch="false" />
            <line number="23" hits="40" branch="false" />
            <line number="24" hits="40" branch="false" />
            <line number="25" hits="40" branch="false" />
            <line number="26" hits="40" branch="false" />
            <line number="27" hits="40" branch="false" />
            <line number="28" hits="40" branch="false" />
            <line number="29" hits="40" branch="false" />
            <line number="30" hits="40" branch="false" />
            <line number="31" hits="40" branch="false" />
            <line number="36" hits="4" branch="false" />
            <line number="37" hits="4" branch="false" />
            <line number="38" hits="4" branch="false" />
            <line number="39" hits="4" branch="false" />
            <line number="43" hits="4" branch="false" />
            <line number="44" hits="4" branch="false" />
            <line number="45" hits="4" branch="false" />
            <line number="46" hits="4" branch="false" />
            <line number="50" hits="39" branch="false" />
            <line number="51" hits="39" branch="false" />
            <line number="52" hits="39" branch="false" />
            <line number="53" hits="39" branch="false" />
            <line number="57" hits="7" branch="false" />
            <line number="58" hits="7" branch="false" />
            <line number="59" hits="7" branch="false" />
            <line number="60" hits="7" branch="false" />
            <line number="64" hits="1" branch="false" />
            <line number="65" hits="1" branch="false" />
            <line number="66" hits="1" branch="false" />
            <line number="67" hits="1" branch="false" />
            <line number="71" hits="3" branch="false" />
            <line number="72" hits="3" branch="false" />
            <line number="73" hits="3" branch="false" />
            <line number="74" hits="3" branch="false" />
            <line number="75" hits="3" branch="false" />
            <line number="79" hits="3" branch="false" />
            <line number="80" hits="3" branch="false" />
            <line number="81" hits="3" branch="false" />
            <line number="82" hits="3" branch="false" />
            <line number="83" hits="3" branch="false" />
            <line number="87" hits="2" branch="false" />
            <line number="88" hits="2" branch="false" />
            <line number="89" hits="2" branch="false" />
            <line number="90" hits="2" branch="false" />
            <line number="94" hits="3" branch="false" />
            <line number="95" hits="3" branch="false" />
            <line number="96" hits="3" branch="false" />
            <line number="97" hits="3" branch="false" />
            <line number="101" hits="3" branch="false" />
            <line number="102" hits="3" branch="false" />
            <line number="103" hits="3" branch="false" />
            <line number="104" hits="3" branch="false" />
            <line number="108" hits="5" branch="false" />
            <line number="109" hits="5" branch="false" />
            <line number="110" hits="5" branch="false" />
            <line number="111" hits="5" branch="false" />
            <line number="115" hits="4" branch="false" />
            <line number="116" hits="4" branch="true" condition-coverage="100% (2/2)" />
            <line number="117" hits="4" branch="false" />
            <line number="118" hits="4" branch="false" />
            <line number="119" hits="4" branch="false" />
            <line number="120" hits="4" branch="false" />
            <line number="124" hits="4" branch="false" />
            <line number="125" hits="4" branch="false" />
            <line number="126" hits="4" branch="false" />
            <line number="127" hits="4" branch="false" />
            <line number="131" hits="5" branch="false" />
            <line number="132" hits="5" branch="false" />
            <line number="133" hits="5" branch="false" />
            <line number="134" hits="5" branch="false" />
            <line number="138" hits="3" branch="false" />
            <line number="139" hits="3" branch="false" />
            <line number="140" hits="3" branch="false" />
            <line number="141" hits="3" branch="false" />
            <line number="145" hits="2" branch="false" />
            <line number="146" hits="2" branch="false" />
            <line number="147" hits="2" branch="false" />
            <line number="148" hits="2" branch="false" />
            <line number="152" hits="1" branch="false" />
            <line number="153" hits="1" branch="false" />
            <line number="154" hits="1" branch="false" />
            <line number="155" hits="1" branch="false" />
            <line number="159" hits="1" branch="false" />
            <line number="160" hits="1" branch="false" />
            <line number="161" hits="1" branch="false" />
            <line number="162" hits="1" branch="false" />
            <line number="166" hits="3" branch="false" />
            <line number="167" hits="3" branch="false" />
            <line number="168" hits="3" branch="false" />
            <line number="169" hits="3" branch="false" />
            <line number="173" hits="40" branch="false" />
            <line number="174" hits="40" branch="false" />
            <line number="177" hits="40" branch="true" condition-coverage="100% (2/2)" />
            <line number="178" hits="4" branch="false" />
            <line number="179" hits="39" branch="true" condition-coverage="100% (2/2)" />
            <line number="180" hits="9" branch="false" />
            <line number="181" hits="9" branch="false" />
            <line number="182" hits="9" branch="false" />
            <line number="183" hits="4" branch="false" />
            <line number="184" hits="4" branch="false" />
            <line number="187" hits="40" branch="true" condition-coverage="100% (2/2)" />
            <line number="188" hits="2" branch="false" />
            <line number="189" hits="2" branch="false" />
            <line number="190" hits="2" branch="false" />
            <line number="191" hits="2" branch="false" />
            <line number="194" hits="40" branch="true" condition-coverage="100% (2/2)" />
            <line number="195" hits="3" branch="false" />
            <line number="196" hits="3" branch="false" />
            <line number="197" hits="17" branch="true" condition-coverage="100% (2/2)" />
            <line number="198" hits="4" branch="false" />
            <line number="199" hits="4" branch="false" />
            <line number="200" hits="4" branch="false" />
            <line number="201" hits="3" branch="false" />
            <line number="202" hits="3" branch="false" />
            <line number="205" hits="128" branch="true" condition-coverage="100% (2/2)" />
            <line number="206" hits="4" branch="false" />
            <line number="207" hits="4" branch="false" />
            <line number="208" hits="4" branch="false" />
            <line number="211" hits="40" branch="false" />
            <line number="212" hits="40" branch="false" />
            <line number="214" hits="41" branch="true" condition-coverage="100% (2/2)" />
            <line number="215" hits="42" branch="true" condition-coverage="100% (2/2)" />
            <line number="216" hits="42" branch="true" condition-coverage="100% (2/2)" />
            <line number="217" hits="42" branch="true" condition-coverage="100% (2/2)" />
            <line number="219" hits="40" branch="false" />
            <line number="220" hits="40" branch="false" />
            <line number="222" hits="40" branch="true" condition-coverage="100% (2/2)" />
            <line number="223" hits="5" branch="false" />
            <line number="224" hits="5" branch="false" />
            <line number="225" hits="5" branch="false" />
            <line number="228" hits="40" branch="false" />
            <line number="229" hits="40" branch="true" condition-coverage="100% (2/2)" />
            <line number="230" hits="3" branch="false" />
            <line number="231" hits="40" branch="false" />
            <line number="233" hits="40" branch="true" condition-coverage="100% (2/2)" />
            <line number="234" hits="4" branch="false" />
            <line number="235" hits="4" branch="false" />
            <line number="236" hits="4" branch="false" />
            <line number="238" hits="40" branch="false" />
            <line number="241" hits="128" branch="true" condition-coverage="100% (2/2)" />
            <line number="242" hits="4" branch="false" />
            <line number="243" hits="4" branch="false" />
            <line number="244" hits="4" branch="false" />
            <line number="245" hits="4" branch="false" />
            <line number="246" hits="4" branch="false" />
            <line number="248" hits="40" branch="false" />
            <line number="249" hits="40" branch="false" />
            <line number="252" hits="130" branch="true" condition-coverage="100% (2/2)" />
            <line number="253" hits="5" branch="false" />
            <line number="254" hits="5" branch="false" />
            <line number="255" hits="25" branch="true" condition-coverage="100% (2/2)" />
            <line number="256" hits="5" branch="false" />
            <line number="257" hits="5" branch="false" />
            <line number="258" hits="5" branch="false" />
            <line number="259" hits="5" branch="false" />
            <line number="261" hits="40" branch="true" condition-coverage="100% (8/8)" />
            <line number="262" hits="2" branch="false" />
            <line number="265" hits="122" branch="true" condition-coverage="100% (2/2)" />
            <line number="266" hits="1" branch="false" />
            <line number="267" hits="1" branch="false" />
            <line number="268" hits="5" branch="true" condition-coverage="100% (2/2)" />
            <line number="269" hits="1" branch="false" />
            <line number="270" hits="1" branch="false" />
            <line number="271" hits="1" branch="false" />
            <line number="272" hits="1" branch="false" />
            <line number="273" hits="1" branch="false" />
            <line number="276" hits="126" branch="true" condition-coverage="100% (2/2)" />
            <line number="277" hits="3" branch="false" />
            <line number="278" hits="3" branch="false" />
            <line number="279" hits="15" branch="true" condition-coverage="100% (2/2)" />
            <line number="280" hits="3" branch="false" />
            <line number="281" hits="3" branch="false" />
            <line number="282" hits="3" branch="false" />
            <line number="283" hits="3" branch="false" />
            <line number="284" hits="3" branch="false" />
            <line number="287" hits="124" branch="true" condition-coverage="100% (2/2)" />
            <line number="288" hits="2" branch="false" />
            <line number="289" hits="2" branch="false" />
            <line number="290" hits="16" branch="true" condition-coverage="100% (2/2)" />
            <line number="291" hits="5" branch="false" />
            <line number="292" hits="5" branch="false" />
            <line number="293" hits="5" branch="false" />
            <line number="294" hits="2" branch="false" />
            <line number="295" hits="2" branch="false" />
            <line number="298" hits="122" branch="true" condition-coverage="100% (2/2)" />
            <line number="299" hits="1" branch="false" />
            <line number="300" hits="1" branch="false" />
            <line number="301" hits="5" branch="true" condition-coverage="100% (2/2)" />
            <line number="302" hits="1" branch="false" />
            <line number="303" hits="1" branch="false" />
            <line number="304" hits="1" branch="false" />
            <line number="305" hits="1" branch="false" />
            <line number="306" hits="1" branch="false" />
            <line number="308" hits="40" branch="false" />
            <line number="309" hits="40" branch="false" />
            <line number="311" hits="40" branch="false" />
            <line number="312" hits="40" branch="false" />
          </lines>
        </class>
        <class name="FractalDataWorks.CodeBuilder.Builders.ConstructorBuilder" filename="C:\development\fractaldataworks\Developer-Kit\src\FractalDataWorks.CodeBuilder\Builders\ConstructorBuilder.cs" line-rate="1" branch-rate="1" complexity="36">
          <methods>
            <method name="WithClassName" signature="(System.String)" line-rate="1" branch-rate="1" complexity="1">
              <lines>
                <line number="31" hits="1" branch="false" />
                <line number="32" hits="1" branch="false" />
                <line number="33" hits="1" branch="false" />
                <line number="34" hits="1" branch="false" />
              </lines>
            </method>
            <method name="WithAccessModifier" signature="(System.String)" line-rate="1" branch-rate="1" complexity="1">
              <lines>
                <line number="38" hits="8" branch="false" />
                <line number="39" hits="8" branch="false" />
                <line number="40" hits="8" branch="false" />
                <line number="41" hits="8" branch="false" />
              </lines>
            </method>
            <method name="AsStatic" signature="()" line-rate="1" branch-rate="1" complexity="1">
              <lines>
                <line number="45" hits="3" branch="false" />
                <line number="46" hits="3" branch="false" />
                <line number="47" hits="3" branch="false" />
                <line number="48" hits="3" branch="false" />
              </lines>
            </method>
            <method name="WithParameter" signature="(System.String,System.String,System.String)" line-rate="1" branch-rate="1" complexity="1">
              <lines>
                <line number="52" hits="31" branch="false" />
                <line number="53" hits="31" branch="false" />
                <line number="54" hits="31" branch="false" />
                <line number="55" hits="31" branch="false" />
              </lines>
            </method>
            <method name="WithBaseCall" signature="(System.String[])" line-rate="1" branch-rate="1" complexity="1">
              <lines>
                <line number="59" hits="5" branch="false" />
                <line number="60" hits="5" branch="false" />
                <line number="61" hits="5" branch="false" />
                <line number="62" hits="5" branch="false" />
                <line number="63" hits="5" branch="false" />
                <line number="64" hits="5" branch="false" />
              </lines>
            </method>
            <method name="WithThisCall" signature="(System.String[])" line-rate="1" branch-rate="1" complexity="1">
              <lines>
                <line number="68" hits="4" branch="false" />
                <line number="69" hits="4" branch="false" />
                <line number="70" hits="4" branch="false" />
                <line number="71" hits="4" branch="false" />
                <line number="72" hits="4" branch="false" />
                <line number="73" hits="4" branch="false" />
              </lines>
            </method>
            <method name="WithAttribute" signature="(System.String)" line-rate="1" branch-rate="1" complexity="1">
              <lines>
                <line number="77" hits="4" branch="false" />
                <line number="78" hits="4" branch="false" />
                <line number="79" hits="4" branch="false" />
                <line number="80" hits="4" branch="false" />
              </lines>
            </method>
            <method name="WithBody" signature="(System.String)" line-rate="1" branch-rate="1" complexity="1">
              <lines>
                <line number="84" hits="7" branch="false" />
                <line number="85" hits="7" branch="false" />
                <line number="86" hits="7" branch="false" />
                <line number="87" hits="6" branch="false" />
                <line number="88" hits="6" branch="false" />
              </lines>
            </method>
            <method name="AddBodyLine" signature="(System.String)" line-rate="1" branch-rate="1" complexity="1">
              <lines>
                <line number="92" hits="5" branch="false" />
                <line number="93" hits="5" branch="false" />
                <line number="94" hits="5" branch="false" />
                <line number="95" hits="5" branch="false" />
              </lines>
            </method>
            <method name="WithXmlDoc" signature="(System.String)" line-rate="1" branch-rate="1" complexity="1">
              <lines>
                <line number="99" hits="4" branch="false" />
                <line number="100" hits="4" branch="false" />
                <line number="101" hits="4" branch="false" />
                <line number="102" hits="4" branch="false" />
              </lines>
            </method>
            <method name="WithParamDoc" signature="(System.String,System.String)" line-rate="1" branch-rate="1" complexity="1">
              <lines>
                <line number="106" hits="10" branch="false" />
                <line number="107" hits="10" branch="false" />
                <line number="108" hits="10" branch="false" />
                <line number="109" hits="10" branch="false" />
              </lines>
            </method>
            <method name="Build" signature="()" line-rate="1" branch-rate="1" complexity="24">
              <lines>
                <line number="113" hits="38" branch="false" />
                <line number="114" hits="38" branch="false" />
                <line number="117" hits="38" branch="true" condition-coverage="100% (4/4)" />
                <line number="118" hits="7" branch="false" />
                <line number="119" hits="7" branch="true" condition-coverage="100% (2/2)" />
                <line number="120" hits="4" branch="false" />
                <line number="121" hits="4" branch="false" />
                <line number="122" hits="22" branch="true" condition-coverage="100% (2/2)" />
                <line number="123" hits="5" branch="false" />
                <line number="124" hits="5" branch="false" />
                <line number="125" hits="5" branch="false" />
                <line number="126" hits="4" branch="false" />
                <line number="127" hits="4" branch="false" />
                <line number="129" hits="39" branch="true" condition-coverage="100% (2/2)" />
                <line number="130" hits="9" branch="false" />
                <line number="131" hits="9" branch="true" condition-coverage="100% (2/2)" />
                <line number="132" hits="9" branch="false" />
                <line number="133" hits="9" branch="false" />
                <line number="134" hits="9" branch="false" />
                <line number="135" hits="9" branch="false" />
                <line number="136" hits="7" branch="false" />
                <line number="139" hits="122" branch="true" condition-coverage="100% (2/2)" />
                <line number="140" hits="4" branch="false" />
                <line number="141" hits="4" branch="false" />
                <line number="142" hits="4" branch="false" />
                <line number="145" hits="38" branch="false" />
                <line number="147" hits="38" branch="true" condition-coverage="100% (2/2)" />
                <line number="148" hits="3" branch="false" />
                <line number="149" hits="3" branch="false" />
                <line number="150" hits="3" branch="false" />
                <line number="151" hits="3" branch="false" />
                <line number="153" hits="35" branch="false" />
                <line number="154" hits="35" branch="false" />
                <line number="155" hits="35" branch="false" />
                <line number="156" hits="35" branch="false" />
                <line number="158" hits="38" branch="false" />
                <line number="160" hits="38" branch="false" />
                <line number="161" hits="31" branch="false" />
                <line number="162" hits="31" branch="false" />
                <line number="163" hits="31" branch="true" condition-coverage="100% (2/2)" />
                <line number="164" hits="4" branch="false" />
                <line number="165" hits="31" branch="false" />
                <line number="166" hits="69" branch="false" />
                <line number="168" hits="38" branch="false" />
                <line number="169" hits="38" branch="false" />
                <line number="172" hits="38" branch="true" condition-coverage="100% (2/2)" />
                <line number="173" hits="4" branch="false" />
                <line number="174" hits="4" branch="false" />
                <line number="175" hits="4" branch="false" />
                <line number="176" hits="34" branch="true" condition-coverage="100% (2/2)" />
                <line number="177" hits="3" branch="false" />
                <line number="178" hits="3" branch="false" />
                <line number="179" hits="3" branch="false" />
                <line number="181" hits="38" branch="false" />
                <line number="182" hits="38" branch="false" />
                <line number="183" hits="38" branch="false" />
                <line number="185" hits="138" branch="true" condition-coverage="100% (2/2)" />
                <line number="186" hits="12" branch="false" />
                <line number="187" hits="12" branch="false" />
                <line number="188" hits="12" branch="false" />
                <line number="190" hits="38" branch="false" />
                <line number="191" hits="38" branch="false" />
                <line number="193" hits="38" branch="false" />
                <line number="194" hits="38" branch="false" />
              </lines>
            </method>
            <method name=".ctor" signature="()" line-rate="1" branch-rate="1" complexity="1">
              <lines>
                <line number="14" hits="39" branch="false" />
                <line number="15" hits="39" branch="false" />
                <line number="17" hits="39" branch="false" />
                <line number="18" hits="39" branch="false" />
                <line number="19" hits="39" branch="false" />
                <line number="20" hits="39" branch="false" />
                <line number="21" hits="39" branch="false" />
                <line number="23" hits="39" branch="false" />
              </lines>
            </method>
          </methods>
          <lines>
            <line number="14" hits="39" branch="false" />
            <line number="15" hits="39" branch="false" />
            <line number="17" hits="39" branch="false" />
            <line number="18" hits="39" branch="false" />
            <line number="19" hits="39" branch="false" />
            <line number="20" hits="39" branch="false" />
            <line number="21" hits="39" branch="false" />
            <line number="23" hits="39" branch="false" />
            <line number="31" hits="1" branch="false" />
            <line number="32" hits="1" branch="false" />
            <line number="33" hits="1" branch="false" />
            <line number="34" hits="1" branch="false" />
            <line number="38" hits="8" branch="false" />
            <line number="39" hits="8" branch="false" />
            <line number="40" hits="8" branch="false" />
            <line number="41" hits="8" branch="false" />
            <line number="45" hits="3" branch="false" />
            <line number="46" hits="3" branch="false" />
            <line number="47" hits="3" branch="false" />
            <line number="48" hits="3" branch="false" />
            <line number="52" hits="31" branch="false" />
            <line number="53" hits="31" branch="false" />
            <line number="54" hits="31" branch="false" />
            <line number="55" hits="31" branch="false" />
            <line number="59" hits="5" branch="false" />
            <line number="60" hits="5" branch="false" />
            <line number="61" hits="5" branch="false" />
            <line number="62" hits="5" branch="false" />
            <line number="63" hits="5" branch="false" />
            <line number="64" hits="5" branch="false" />
            <line number="68" hits="4" branch="false" />
            <line number="69" hits="4" branch="false" />
            <line number="70" hits="4" branch="false" />
            <line number="71" hits="4" branch="false" />
            <line number="72" hits="4" branch="false" />
            <line number="73" hits="4" branch="false" />
            <line number="77" hits="4" branch="false" />
            <line number="78" hits="4" branch="false" />
            <line number="79" hits="4" branch="false" />
            <line number="80" hits="4" branch="false" />
            <line number="84" hits="7" branch="false" />
            <line number="85" hits="7" branch="false" />
            <line number="86" hits="7" branch="false" />
            <line number="87" hits="6" branch="false" />
            <line number="88" hits="6" branch="false" />
            <line number="92" hits="5" branch="false" />
            <line number="93" hits="5" branch="false" />
            <line number="94" hits="5" branch="false" />
            <line number="95" hits="5" branch="false" />
            <line number="99" hits="4" branch="false" />
            <line number="100" hits="4" branch="false" />
            <line number="101" hits="4" branch="false" />
            <line number="102" hits="4" branch="false" />
            <line number="106" hits="10" branch="false" />
            <line number="107" hits="10" branch="false" />
            <line number="108" hits="10" branch="false" />
            <line number="109" hits="10" branch="false" />
            <line number="113" hits="38" branch="false" />
            <line number="114" hits="38" branch="false" />
            <line number="117" hits="38" branch="true" condition-coverage="100% (4/4)" />
            <line number="118" hits="7" branch="false" />
            <line number="119" hits="7" branch="true" condition-coverage="100% (2/2)" />
            <line number="120" hits="4" branch="false" />
            <line number="121" hits="4" branch="false" />
            <line number="122" hits="22" branch="true" condition-coverage="100% (2/2)" />
            <line number="123" hits="5" branch="false" />
            <line number="124" hits="5" branch="false" />
            <line number="125" hits="5" branch="false" />
            <line number="126" hits="4" branch="false" />
            <line number="127" hits="4" branch="false" />
            <line number="129" hits="39" branch="true" condition-coverage="100% (2/2)" />
            <line number="130" hits="9" branch="false" />
            <line number="131" hits="9" branch="true" condition-coverage="100% (2/2)" />
            <line number="132" hits="9" branch="false" />
            <line number="133" hits="9" branch="false" />
            <line number="134" hits="9" branch="false" />
            <line number="135" hits="9" branch="false" />
            <line number="136" hits="7" branch="false" />
            <line number="139" hits="122" branch="true" condition-coverage="100% (2/2)" />
            <line number="140" hits="4" branch="false" />
            <line number="141" hits="4" branch="false" />
            <line number="142" hits="4" branch="false" />
            <line number="145" hits="38" branch="false" />
            <line number="147" hits="38" branch="true" condition-coverage="100% (2/2)" />
            <line number="148" hits="3" branch="false" />
            <line number="149" hits="3" branch="false" />
            <line number="150" hits="3" branch="false" />
            <line number="151" hits="3" branch="false" />
            <line number="153" hits="35" branch="false" />
            <line number="154" hits="35" branch="false" />
            <line number="155" hits="35" branch="false" />
            <line number="156" hits="35" branch="false" />
            <line number="158" hits="38" branch="false" />
            <line number="160" hits="38" branch="false" />
            <line number="161" hits="31" branch="false" />
            <line number="162" hits="31" branch="false" />
            <line number="163" hits="31" branch="true" condition-coverage="100% (2/2)" />
            <line number="164" hits="4" branch="false" />
            <line number="165" hits="31" branch="false" />
            <line number="166" hits="69" branch="false" />
            <line number="168" hits="38" branch="false" />
            <line number="169" hits="38" branch="false" />
            <line number="172" hits="38" branch="true" condition-coverage="100% (2/2)" />
            <line number="173" hits="4" branch="false" />
            <line number="174" hits="4" branch="false" />
            <line number="175" hits="4" branch="false" />
            <line number="176" hits="34" branch="true" condition-coverage="100% (2/2)" />
            <line number="177" hits="3" branch="false" />
            <line number="178" hits="3" branch="false" />
            <line number="179" hits="3" branch="false" />
            <line number="181" hits="38" branch="false" />
            <line number="182" hits="38" branch="false" />
            <line number="183" hits="38" branch="false" />
            <line number="185" hits="138" branch="true" condition-coverage="100% (2/2)" />
            <line number="186" hits="12" branch="false" />
            <line number="187" hits="12" branch="false" />
            <line number="188" hits="12" branch="false" />
            <line number="190" hits="38" branch="false" />
            <line number="191" hits="38" branch="false" />
            <line number="193" hits="38" branch="false" />
            <line number="194" hits="38" branch="false" />
          </lines>
        </class>
        <class name="FractalDataWorks.CodeBuilder.Builders.FieldBuilder" filename="C:\development\fractaldataworks\Developer-Kit\src\FractalDataWorks.CodeBuilder\Builders\FieldBuilder.cs" line-rate="1" branch-rate="1" complexity="29">
          <methods>
            <method name="WithName" signature="(System.String)" line-rate="1" branch-rate="1" complexity="1">
              <lines>
                <line number="26" hits="40" branch="false" />
                <line number="27" hits="40" branch="false" />
                <line number="28" hits="40" branch="false" />
                <line number="29" hits="40" branch="false" />
              </lines>
            </method>
            <method name="WithType" signature="(System.String)" line-rate="1" branch-rate="1" complexity="1">
              <lines>
                <line number="33" hits="26" branch="false" />
                <line number="34" hits="26" branch="false" />
                <line number="35" hits="26" branch="false" />
                <line number="36" hits="26" branch="false" />
              </lines>
            </method>
            <method name="WithAccessModifier" signature="(System.String)" line-rate="1" branch-rate="1" complexity="1">
              <lines>
                <line number="40" hits="9" branch="false" />
                <line number="41" hits="9" branch="false" />
                <line number="42" hits="9" branch="false" />
                <line number="43" hits="9" branch="false" />
              </lines>
            </method>
            <method name="AsStatic" signature="()" line-rate="1" branch-rate="1" complexity="1">
              <lines>
                <line number="47" hits="5" branch="false" />
                <line number="48" hits="5" branch="false" />
                <line number="49" hits="5" branch="false" />
                <line number="50" hits="5" branch="false" />
              </lines>
            </method>
            <method name="AsReadOnly" signature="()" line-rate="1" branch-rate="1" complexity="1">
              <lines>
                <line number="54" hits="10" branch="false" />
                <line number="55" hits="10" branch="false" />
                <line number="56" hits="10" branch="false" />
                <line number="57" hits="10" branch="false" />
                <line number="58" hits="10" branch="false" />
              </lines>
            </method>
            <method name="AsConst" signature="()" line-rate="1" branch-rate="1" complexity="1">
              <lines>
                <line number="62" hits="8" branch="false" />
                <line number="63" hits="8" branch="false" />
                <line number="64" hits="8" branch="false" />
                <line number="65" hits="8" branch="false" />
                <line number="66" hits="8" branch="false" />
                <line number="67" hits="8" branch="false" />
                <line number="68" hits="8" branch="false" />
              </lines>
            </method>
            <method name="AsVolatile" signature="()" line-rate="1" branch-rate="1" complexity="1">
              <lines>
                <line number="72" hits="4" branch="false" />
                <line number="73" hits="4" branch="false" />
                <line number="74" hits="4" branch="false" />
                <line number="75" hits="4" branch="false" />
                <line number="76" hits="4" branch="false" />
              </lines>
            </method>
            <method name="WithInitializer" signature="(System.String)" line-rate="1" branch-rate="1" complexity="1">
              <lines>
                <line number="80" hits="22" branch="false" />
                <line number="81" hits="22" branch="false" />
                <line number="82" hits="22" branch="false" />
                <line number="83" hits="22" branch="false" />
              </lines>
            </method>
            <method name="WithAttribute" signature="(System.String)" line-rate="1" branch-rate="1" complexity="1">
              <lines>
                <line number="87" hits="4" branch="false" />
                <line number="88" hits="4" branch="false" />
                <line number="89" hits="4" branch="false" />
                <line number="90" hits="4" branch="false" />
              </lines>
            </method>
            <method name="WithXmlDoc" signature="(System.String)" line-rate="1" branch-rate="1" complexity="1">
              <lines>
                <line number="94" hits="3" branch="false" />
                <line number="95" hits="3" branch="false" />
                <line number="96" hits="3" branch="false" />
                <line number="97" hits="3" branch="false" />
              </lines>
            </method>
            <method name="Build" signature="()" line-rate="1" branch-rate="1" complexity="18">
              <lines>
                <line number="101" hits="41" branch="false" />
                <line number="102" hits="41" branch="false" />
                <line number="105" hits="41" branch="true" condition-coverage="100% (2/2)" />
                <line number="106" hits="3" branch="false" />
                <line number="107" hits="3" branch="false" />
                <line number="108" hits="17" branch="true" condition-coverage="100% (2/2)" />
                <line number="109" hits="4" branch="false" />
                <line number="110" hits="4" branch="false" />
                <line number="111" hits="4" branch="false" />
                <line number="112" hits="3" branch="false" />
                <line number="113" hits="3" branch="false" />
                <line number="116" hits="131" branch="true" condition-coverage="100% (2/2)" />
                <line number="117" hits="4" branch="false" />
                <line number="118" hits="4" branch="false" />
                <line number="119" hits="4" branch="false" />
                <line number="122" hits="41" branch="false" />
                <line number="123" hits="41" branch="false" />
                <line number="125" hits="41" branch="true" condition-coverage="100% (2/2)" />
                <line number="126" hits="6" branch="false" />
                <line number="127" hits="6" branch="false" />
                <line number="128" hits="6" branch="false" />
                <line number="130" hits="35" branch="false" />
                <line number="131" hits="39" branch="true" condition-coverage="100% (2/2)" />
                <line number="132" hits="38" branch="true" condition-coverage="100% (2/2)" />
                <line number="133" hits="44" branch="true" condition-coverage="100% (2/2)" />
                <line number="134" hits="35" branch="false" />
                <line number="136" hits="41" branch="false" />
                <line number="138" hits="41" branch="true" condition-coverage="100% (2/2)" />
                <line number="139" hits="21" branch="false" />
                <line number="140" hits="21" branch="false" />
                <line number="141" hits="21" branch="false" />
                <line number="142" hits="20" branch="true" condition-coverage="100% (2/2)" />
                <line number="143" hits="1" branch="false" />
                <line number="144" hits="1" branch="false" />
                <line number="147" hits="40" branch="false" />
                <line number="148" hits="40" branch="false" />
                <line number="150" hits="40" branch="false" />
                <line number="151" hits="40" branch="false" />
              </lines>
            </method>
            <method name=".ctor" signature="()" line-rate="1" branch-rate="1" complexity="1">
              <lines>
                <line number="13" hits="41" branch="false" />
                <line number="14" hits="41" branch="false" />
                <line number="15" hits="41" branch="false" />
                <line number="21" hits="41" branch="false" />
              </lines>
            </method>
          </methods>
          <lines>
            <line number="13" hits="41" branch="false" />
            <line number="14" hits="41" branch="false" />
            <line number="15" hits="41" branch="false" />
            <line number="21" hits="41" branch="false" />
            <line number="26" hits="40" branch="false" />
            <line number="27" hits="40" branch="false" />
            <line number="28" hits="40" branch="false" />
            <line number="29" hits="40" branch="false" />
            <line number="33" hits="26" branch="false" />
            <line number="34" hits="26" branch="false" />
            <line number="35" hits="26" branch="false" />
            <line number="36" hits="26" branch="false" />
            <line number="40" hits="9" branch="false" />
            <line number="41" hits="9" branch="false" />
            <line number="42" hits="9" branch="false" />
            <line number="43" hits="9" branch="false" />
            <line number="47" hits="5" branch="false" />
            <line number="48" hits="5" branch="false" />
            <line number="49" hits="5" branch="false" />
            <line number="50" hits="5" branch="false" />
            <line number="54" hits="10" branch="false" />
            <line number="55" hits="10" branch="false" />
            <line number="56" hits="10" branch="false" />
            <line number="57" hits="10" branch="false" />
            <line number="58" hits="10" branch="false" />
            <line number="62" hits="8" branch="false" />
            <line number="63" hits="8" branch="false" />
            <line number="64" hits="8" branch="false" />
            <line number="65" hits="8" branch="false" />
            <line number="66" hits="8" branch="false" />
            <line number="67" hits="8" branch="false" />
            <line number="68" hits="8" branch="false" />
            <line number="72" hits="4" branch="false" />
            <line number="73" hits="4" branch="false" />
            <line number="74" hits="4" branch="false" />
            <line number="75" hits="4" branch="false" />
            <line number="76" hits="4" branch="false" />
            <line number="80" hits="22" branch="false" />
            <line number="81" hits="22" branch="false" />
            <line number="82" hits="22" branch="false" />
            <line number="83" hits="22" branch="false" />
            <line number="87" hits="4" branch="false" />
            <line number="88" hits="4" branch="false" />
            <line number="89" hits="4" branch="false" />
            <line number="90" hits="4" branch="false" />
            <line number="94" hits="3" branch="false" />
            <line number="95" hits="3" branch="false" />
            <line number="96" hits="3" branch="false" />
            <line number="97" hits="3" branch="false" />
            <line number="101" hits="41" branch="false" />
            <line number="102" hits="41" branch="false" />
            <line number="105" hits="41" branch="true" condition-coverage="100% (2/2)" />
            <line number="106" hits="3" branch="false" />
            <line number="107" hits="3" branch="false" />
            <line number="108" hits="17" branch="true" condition-coverage="100% (2/2)" />
            <line number="109" hits="4" branch="false" />
            <line number="110" hits="4" branch="false" />
            <line number="111" hits="4" branch="false" />
            <line number="112" hits="3" branch="false" />
            <line number="113" hits="3" branch="false" />
            <line number="116" hits="131" branch="true" condition-coverage="100% (2/2)" />
            <line number="117" hits="4" branch="false" />
            <line number="118" hits="4" branch="false" />
            <line number="119" hits="4" branch="false" />
            <line number="122" hits="41" branch="false" />
            <line number="123" hits="41" branch="false" />
            <line number="125" hits="41" branch="true" condition-coverage="100% (2/2)" />
            <line number="126" hits="6" branch="false" />
            <line number="127" hits="6" branch="false" />
            <line number="128" hits="6" branch="false" />
            <line number="130" hits="35" branch="false" />
            <line number="131" hits="39" branch="true" condition-coverage="100% (2/2)" />
            <line number="132" hits="38" branch="true" condition-coverage="100% (2/2)" />
            <line number="133" hits="44" branch="true" condition-coverage="100% (2/2)" />
            <line number="134" hits="35" branch="false" />
            <line number="136" hits="41" branch="false" />
            <line number="138" hits="41" branch="true" condition-coverage="100% (2/2)" />
            <line number="139" hits="21" branch="false" />
            <line number="140" hits="21" branch="false" />
            <line number="141" hits="21" branch="false" />
            <line number="142" hits="20" branch="true" condition-coverage="100% (2/2)" />
            <line number="143" hits="1" branch="false" />
            <line number="144" hits="1" branch="false" />
            <line number="147" hits="40" branch="false" />
            <line number="148" hits="40" branch="false" />
            <line number="150" hits="40" branch="false" />
            <line number="151" hits="40" branch="false" />
          </lines>
        </class>
        <class name="FractalDataWorks.CodeBuilder.Builders.MethodBuilder" filename="C:\development\fractaldataworks\Developer-Kit\src\FractalDataWorks.CodeBuilder\Builders\MethodBuilder.cs" line-rate="1" branch-rate="1" complexity="60">
          <methods>
            <method name="WithName" signature="(System.String)" line-rate="1" branch-rate="1" complexity="1">
              <lines>
                <line number="34" hits="46" branch="false" />
                <line number="35" hits="46" branch="false" />
                <line number="36" hits="46" branch="false" />
                <line number="37" hits="46" branch="false" />
              </lines>
            </method>
            <method name="WithReturnType" signature="(System.String)" line-rate="1" branch-rate="1" complexity="1">
              <lines>
                <line number="41" hits="13" branch="false" />
                <line number="42" hits="13" branch="false" />
                <line number="43" hits="13" branch="false" />
                <line number="44" hits="13" branch="false" />
              </lines>
            </method>
            <method name="WithAccessModifier" signature="(System.String)" line-rate="1" branch-rate="1" complexity="1">
              <lines>
                <line number="48" hits="7" branch="false" />
                <line number="49" hits="7" branch="false" />
                <line number="50" hits="7" branch="false" />
                <line number="51" hits="7" branch="false" />
              </lines>
            </method>
            <method name="AsStatic" signature="()" line-rate="1" branch-rate="1" complexity="1">
              <lines>
                <line number="55" hits="1" branch="false" />
                <line number="56" hits="1" branch="false" />
                <line number="57" hits="1" branch="false" />
                <line number="58" hits="1" branch="false" />
              </lines>
            </method>
            <method name="AsVirtual" signature="()" line-rate="1" branch-rate="1" complexity="1">
              <lines>
                <line number="62" hits="3" branch="false" />
                <line number="63" hits="3" branch="false" />
                <line number="64" hits="3" branch="false" />
                <line number="65" hits="3" branch="false" />
                <line number="66" hits="3" branch="false" />
              </lines>
            </method>
            <method name="AsOverride" signature="()" line-rate="1" branch-rate="1" complexity="1">
              <lines>
                <line number="70" hits="3" branch="false" />
                <line number="71" hits="3" branch="false" />
                <line number="72" hits="3" branch="false" />
                <line number="73" hits="3" branch="false" />
                <line number="74" hits="3" branch="false" />
              </lines>
            </method>
            <method name="AsAbstract" signature="()" line-rate="1" branch-rate="1" complexity="1">
              <lines>
                <line number="78" hits="3" branch="false" />
                <line number="79" hits="3" branch="false" />
                <line number="80" hits="3" branch="false" />
                <line number="81" hits="3" branch="false" />
              </lines>
            </method>
            <method name="AsAsync" signature="()" line-rate="1" branch-rate="1" complexity="1">
              <lines>
                <line number="85" hits="2" branch="false" />
                <line number="86" hits="2" branch="false" />
                <line number="87" hits="2" branch="false" />
                <line number="88" hits="2" branch="false" />
              </lines>
            </method>
            <method name="WithParameter" signature="(System.String,System.String,System.String)" line-rate="1" branch-rate="1" complexity="1">
              <lines>
                <line number="92" hits="17" branch="false" />
                <line number="93" hits="17" branch="false" />
                <line number="94" hits="17" branch="false" />
                <line number="95" hits="17" branch="false" />
              </lines>
            </method>
            <method name="WithGenericParameters" signature="(System.String[])" line-rate="1" branch-rate="1" complexity="1">
              <lines>
                <line number="99" hits="5" branch="false" />
                <line number="100" hits="5" branch="false" />
                <line number="101" hits="5" branch="false" />
                <line number="102" hits="5" branch="false" />
              </lines>
            </method>
            <method name="WithGenericConstraint" signature="(System.String,System.String[])" line-rate="1" branch-rate="1" complexity="2">
              <lines>
                <line number="106" hits="4" branch="false" />
                <line number="107" hits="4" branch="true" condition-coverage="100% (2/2)" />
                <line number="108" hits="4" branch="false" />
                <line number="109" hits="4" branch="false" />
                <line number="110" hits="4" branch="false" />
                <line number="111" hits="4" branch="false" />
              </lines>
            </method>
            <method name="WithAttribute" signature="(System.String)" line-rate="1" branch-rate="1" complexity="1">
              <lines>
                <line number="115" hits="5" branch="false" />
                <line number="116" hits="5" branch="false" />
                <line number="117" hits="5" branch="false" />
                <line number="118" hits="5" branch="false" />
              </lines>
            </method>
            <method name="WithBody" signature="(System.String)" line-rate="1" branch-rate="1" complexity="1">
              <lines>
                <line number="122" hits="7" branch="false" />
                <line number="123" hits="7" branch="false" />
                <line number="124" hits="7" branch="false" />
                <line number="125" hits="6" branch="false" />
                <line number="126" hits="6" branch="false" />
                <line number="127" hits="6" branch="false" />
              </lines>
            </method>
            <method name="AddBodyLine" signature="(System.String)" line-rate="1" branch-rate="1" complexity="1">
              <lines>
                <line number="131" hits="9" branch="false" />
                <line number="132" hits="9" branch="false" />
                <line number="133" hits="9" branch="false" />
                <line number="134" hits="9" branch="false" />
                <line number="135" hits="9" branch="false" />
              </lines>
            </method>
            <method name="WithExpressionBody" signature="(System.String)" line-rate="1" branch-rate="1" complexity="1">
              <lines>
                <line number="139" hits="4" branch="false" />
                <line number="140" hits="4" branch="false" />
                <line number="141" hits="4" branch="false" />
                <line number="142" hits="4" branch="false" />
                <line number="143" hits="4" branch="false" />
              </lines>
            </method>
            <method name="WithXmlDoc" signature="(System.String)" line-rate="1" branch-rate="1" complexity="1">
              <lines>
                <line number="147" hits="4" branch="false" />
                <line number="148" hits="4" branch="false" />
                <line number="149" hits="4" branch="false" />
                <line number="150" hits="4" branch="false" />
              </lines>
            </method>
            <method name="WithParamDoc" signature="(System.String,System.String)" line-rate="1" branch-rate="1" complexity="1">
              <lines>
                <line number="154" hits="9" branch="false" />
                <line number="155" hits="9" branch="false" />
                <line number="156" hits="9" branch="false" />
                <line number="157" hits="9" branch="false" />
              </lines>
            </method>
            <method name="WithReturnDoc" signature="(System.String)" line-rate="1" branch-rate="1" complexity="1">
              <lines>
                <line number="161" hits="3" branch="false" />
                <line number="162" hits="3" branch="false" />
                <line number="163" hits="3" branch="false" />
                <line number="164" hits="3" branch="false" />
              </lines>
            </method>
            <method name="Build" signature="()" line-rate="1" branch-rate="1" complexity="40">
              <lines>
                <line number="168" hits="46" branch="false" />
                <line number="169" hits="46" branch="false" />
                <line number="172" hits="46" branch="true" condition-coverage="100% (6/6)" />
                <line number="173" hits="8" branch="false" />
                <line number="174" hits="8" branch="true" condition-coverage="100% (2/2)" />
                <line number="175" hits="4" branch="false" />
                <line number="176" hits="4" branch="false" />
                <line number="177" hits="22" branch="true" condition-coverage="100% (2/2)" />
                <line number="178" hits="5" branch="false" />
                <line number="179" hits="5" branch="false" />
                <line number="180" hits="5" branch="false" />
                <line number="181" hits="4" branch="false" />
                <line number="182" hits="4" branch="false" />
                <line number="184" hits="40" branch="true" condition-coverage="100% (2/2)" />
                <line number="185" hits="8" branch="false" />
                <line number="186" hits="8" branch="true" condition-coverage="100% (2/2)" />
                <line number="187" hits="8" branch="false" />
                <line number="188" hits="8" branch="false" />
                <line number="189" hits="8" branch="false" />
                <line number="190" hits="8" branch="false" />
                <line number="192" hits="8" branch="true" condition-coverage="100% (2/2)" />
                <line number="193" hits="3" branch="false" />
                <line number="194" hits="3" branch="false" />
                <line number="195" hits="3" branch="false" />
                <line number="196" hits="8" branch="false" />
                <line number="199" hits="148" branch="true" condition-coverage="100% (2/2)" />
                <line number="200" hits="5" branch="false" />
                <line number="201" hits="5" branch="false" />
                <line number="202" hits="5" branch="false" />
                <line number="205" hits="46" branch="false" />
                <line number="206" hits="46" branch="false" />
                <line number="208" hits="47" branch="true" condition-coverage="100% (2/2)" />
                <line number="209" hits="49" branch="true" condition-coverage="100% (2/2)" />
                <line number="210" hits="48" branch="true" condition-coverage="100% (2/2)" />
                <line number="211" hits="48" branch="true" condition-coverage="100% (2/2)" />
                <line number="212" hits="48" branch="true" condition-coverage="100% (2/2)" />
                <line number="214" hits="46" branch="false" />
                <line number="216" hits="46" branch="true" condition-coverage="100% (2/2)" />
                <line number="217" hits="5" branch="false" />
                <line number="218" hits="5" branch="false" />
                <line number="219" hits="5" branch="false" />
                <line number="221" hits="46" branch="false" />
                <line number="223" hits="46" branch="false" />
                <line number="224" hits="17" branch="false" />
                <line number="225" hits="17" branch="false" />
                <line number="226" hits="17" branch="true" condition-coverage="100% (2/2)" />
                <line number="227" hits="4" branch="false" />
                <line number="228" hits="17" branch="false" />
                <line number="229" hits="63" branch="false" />
                <line number="231" hits="46" branch="false" />
                <line number="232" hits="46" branch="false" />
                <line number="234" hits="46" branch="true" condition-coverage="100% (2/2)" />
                <line number="235" hits="3" branch="false" />
                <line number="236" hits="3" branch="false" />
                <line number="237" hits="3" branch="false" />
                <line number="238" hits="43" branch="true" condition-coverage="100% (2/2)" />
                <line number="239" hits="2" branch="false" />
                <line number="240" hits="2" branch="false" />
                <line number="241" hits="2" branch="false" />
                <line number="243" hits="41" branch="false" />
                <line number="244" hits="41" branch="false" />
                <line number="247" hits="131" branch="true" condition-coverage="100% (2/2)" />
                <line number="248" hits="4" branch="false" />
                <line number="249" hits="4" branch="false" />
                <line number="250" hits="4" branch="false" />
                <line number="251" hits="4" branch="false" />
                <line number="252" hits="4" branch="false" />
                <line number="254" hits="41" branch="false" />
                <line number="255" hits="41" branch="false" />
                <line number="257" hits="153" branch="true" condition-coverage="100% (2/2)" />
                <line number="258" hits="15" branch="false" />
                <line number="259" hits="15" branch="false" />
                <line number="260" hits="15" branch="false" />
                <line number="262" hits="41" branch="false" />
                <line number="263" hits="41" branch="false" />
                <line number="264" hits="41" branch="false" />
                <line number="266" hits="46" branch="false" />
                <line number="267" hits="46" branch="false" />
              </lines>
            </method>
            <method name=".ctor" signature="()" line-rate="1" branch-rate="1" complexity="1">
              <lines>
                <line number="14" hits="47" branch="false" />
                <line number="15" hits="47" branch="false" />
                <line number="16" hits="47" branch="false" />
                <line number="22" hits="47" branch="false" />
                <line number="23" hits="47" branch="false" />
                <line number="24" hits="47" branch="false" />
                <line number="25" hits="47" branch="false" />
                <line number="26" hits="47" branch="false" />
                <line number="29" hits="47" branch="false" />
              </lines>
            </method>
          </methods>
          <lines>
            <line number="14" hits="47" branch="false" />
            <line number="15" hits="47" branch="false" />
            <line number="16" hits="47" branch="false" />
            <line number="22" hits="47" branch="false" />
            <line number="23" hits="47" branch="false" />
            <line number="24" hits="47" branch="false" />
            <line number="25" hits="47" branch="false" />
            <line number="26" hits="47" branch="false" />
            <line number="29" hits="47" branch="false" />
            <line number="34" hits="46" branch="false" />
            <line number="35" hits="46" branch="false" />
            <line number="36" hits="46" branch="false" />
            <line number="37" hits="46" branch="false" />
            <line number="41" hits="13" branch="false" />
            <line number="42" hits="13" branch="false" />
            <line number="43" hits="13" branch="false" />
            <line number="44" hits="13" branch="false" />
            <line number="48" hits="7" branch="false" />
            <line number="49" hits="7" branch="false" />
            <line number="50" hits="7" branch="false" />
            <line number="51" hits="7" branch="false" />
            <line number="55" hits="1" branch="false" />
            <line number="56" hits="1" branch="false" />
            <line number="57" hits="1" branch="false" />
            <line number="58" hits="1" branch="false" />
            <line number="62" hits="3" branch="false" />
            <line number="63" hits="3" branch="false" />
            <line number="64" hits="3" branch="false" />
            <line number="65" hits="3" branch="false" />
            <line number="66" hits="3" branch="false" />
            <line number="70" hits="3" branch="false" />
            <line number="71" hits="3" branch="false" />
            <line number="72" hits="3" branch="false" />
            <line number="73" hits="3" branch="false" />
            <line number="74" hits="3" branch="false" />
            <line number="78" hits="3" branch="false" />
            <line number="79" hits="3" branch="false" />
            <line number="80" hits="3" branch="false" />
            <line number="81" hits="3" branch="false" />
            <line number="85" hits="2" branch="false" />
            <line number="86" hits="2" branch="false" />
            <line number="87" hits="2" branch="false" />
            <line number="88" hits="2" branch="false" />
            <line number="92" hits="17" branch="false" />
            <line number="93" hits="17" branch="false" />
            <line number="94" hits="17" branch="false" />
            <line number="95" hits="17" branch="false" />
            <line number="99" hits="5" branch="false" />
            <line number="100" hits="5" branch="false" />
            <line number="101" hits="5" branch="false" />
            <line number="102" hits="5" branch="false" />
            <line number="106" hits="4" branch="false" />
            <line number="107" hits="4" branch="true" condition-coverage="100% (2/2)" />
            <line number="108" hits="4" branch="false" />
            <line number="109" hits="4" branch="false" />
            <line number="110" hits="4" branch="false" />
            <line number="111" hits="4" branch="false" />
            <line number="115" hits="5" branch="false" />
[...]
            <line number="23" hits="0" branch="false" />
            <line number="31" hits="0" branch="false" />
            <line number="32" hits="0" branch="false" />
            <line number="33" hits="0" branch="false" />
            <line number="34" hits="0" branch="false" />
            <line number="44" hits="0" branch="false" />
            <line number="45" hits="0" branch="true" condition-coverage="0% (0/2)" />
            <line number="46" hits="0" branch="false" />
            <line number="47" hits="0" branch="false" />
            <line number="50" hits="0" branch="true" condition-coverage="0% (0/2)" />
            <line number="51" hits="0" branch="false" />
            <line number="52" hits="0" branch="false" />
            <line number="55" hits="0" branch="false" />
            <line number="57" hits="0" branch="true" condition-coverage="0% (0/2)" />
            <line number="58" hits="0" branch="false" />
            <line number="59" hits="0" branch="false" />
            <line number="62" hits="0" branch="false" />
            <line number="63" hits="0" branch="false" />
            <line number="72" hits="0" branch="false" />
            <line number="73" hits="0" branch="true" condition-coverage="0% (0/2)" />
            <line number="74" hits="0" branch="false" />
            <line number="75" hits="0" branch="false" />
            <line number="78" hits="0" branch="false" />
            <line number="80" hits="0" branch="true" condition-coverage="0% (0/2)" />
            <line number="81" hits="0" branch="false" />
            <line number="82" hits="0" branch="false" />
            <line number="85" hits="0" branch="false" />
            <line number="86" hits="0" branch="false" />
            <line number="94" hits="0" branch="false" />
            <line number="95" hits="0" branch="true" condition-coverage="0% (0/2)" />
            <line number="96" hits="0" branch="false" />
            <line number="97" hits="0" branch="false" />
            <line number="100" hits="0" branch="false" />
            <line number="101" hits="0" branch="true" condition-coverage="0% (0/2)" />
            <line number="102" hits="0" branch="false" />
            <line number="110" hits="0" branch="false" />
            <line number="111" hits="0" branch="false" />
            <line number="112" hits="0" branch="true" condition-coverage="0% (0/2)" />
            <line number="113" hits="0" branch="false" />
            <line number="122" hits="0" branch="false" />
            <line number="123" hits="0" branch="false" />
            <line number="124" hits="0" branch="false" />
            <line number="125" hits="0" branch="false" />
            <line number="134" hits="0" branch="false" />
            <line number="135" hits="0" branch="false" />
            <line number="136" hits="0" branch="false" />
            <line number="137" hits="0" branch="false" />
            <line number="145" hits="0" branch="false" />
            <line number="146" hits="0" branch="true" condition-coverage="0% (0/2)" />
            <line number="147" hits="0" branch="false" />
            <line number="148" hits="0" branch="false" />
            <line number="151" hits="0" branch="false" />
            <line number="152" hits="0" branch="false" />
            <line number="153" hits="0" branch="true" condition-coverage="0% (0/2)" />
            <line number="154" hits="0" branch="false" />
            <line number="155" hits="0" branch="false" />
            <line number="158" hits="0" branch="true" condition-coverage="0% (0/2)" />
            <line number="159" hits="0" branch="false" />
            <line number="160" hits="0" branch="false" />
            <line number="163" hits="0" branch="false" />
            <line number="164" hits="0" branch="false" />
            <line number="165" hits="0" branch="false" />
            <line number="166" hits="0" branch="false" />
            <line number="167" hits="0" branch="false" />
            <line number="179" hits="0" branch="false" />
            <line number="180" hits="0" branch="true" condition-coverage="0% (0/2)" />
            <line number="181" hits="0" branch="false" />
            <line number="182" hits="0" branch="false" />
            <line number="185" hits="0" branch="false" />
            <line number="186" hits="0" branch="false" />
            <line number="187" hits="0" branch="true" condition-coverage="0% (0/2)" />
            <line number="188" hits="0" branch="false" />
            <line number="189" hits="0" branch="false" />
            <line number="193" hits="0" branch="false" />
            <line number="194" hits="0" branch="false" />
            <line number="195" hits="0" branch="false" />
            <line number="196" hits="0" branch="false" />
            <line number="197" hits="0" branch="false" />
            <line number="205" hits="0" branch="false" />
            <line number="206" hits="0" branch="false" />
            <line number="207" hits="0" branch="false" />
            <line number="208" hits="0" branch="false" />
            <line number="217" hits="0" branch="false" />
            <line number="218" hits="0" branch="true" condition-coverage="0% (0/2)" />
            <line number="219" hits="0" branch="false" />
            <line number="220" hits="0" branch="false" />
            <line number="223" hits="0" branch="false" />
            <line number="224" hits="0" branch="false" />
            <line number="225" hits="0" branch="false" />
            <line number="233" hits="0" branch="false" />
            <line number="234" hits="0" branch="false" />
            <line number="235" hits="0" branch="false" />
            <line number="236" hits="0" branch="false" />
          </lines>
        </class>
        <class name="FractalDataWorks.Services.ServiceTypeFactoryBase`2" filename="C:\development\fractaldataworks\Developer-Kit\src\FractalDataWorks.Services\ServiceTypeFactoryBase.cs" line-rate="0" branch-rate="1" complexity="4">
          <methods>
            <method name="get_Id" signature="()" line-rate="0" branch-rate="1" complexity="1">
              <lines>
                <line number="30" hits="0" branch="false" />
              </lines>
            </method>
            <method name="get_Name" signature="()" line-rate="0" branch-rate="1" complexity="1">
              <lines>
                <line number="35" hits="0" branch="false" />
              </lines>
            </method>
            <method name="get_Description" signature="()" line-rate="0" branch-rate="1" complexity="1">
              <lines>
                <line number="40" hits="0" branch="false" />
              </lines>
            </method>
            <method name=".ctor" signature="(System.Int32,System.String,System.String)" line-rate="0" branch-rate="1" complexity="1">
              <lines>
                <line number="20" hits="0" branch="false" />
                <line number="21" hits="0" branch="false" />
                <line number="22" hits="0" branch="false" />
                <line number="23" hits="0" branch="false" />
                <line number="24" hits="0" branch="false" />
                <line number="25" hits="0" branch="false" />
              </lines>
            </method>
          </methods>
          <lines>
            <line number="20" hits="0" branch="false" />
            <line number="21" hits="0" branch="false" />
            <line number="22" hits="0" branch="false" />
            <line number="23" hits="0" branch="false" />
            <line number="24" hits="0" branch="false" />
            <line number="25" hits="0" branch="false" />
            <line number="30" hits="0" branch="false" />
            <line number="35" hits="0" branch="false" />
            <line number="40" hits="0" branch="false" />
          </lines>
        </class>
        <class name="FractalDataWorks.Services.ServiceTypeProviderBase`3" filename="C:\development\fractaldataworks\Developer-Kit\src\FractalDataWorks.Services\ServiceTypeProviderBase.cs" line-rate="0" branch-rate="0" complexity="43">
          <methods>
            <method name="get_ServiceTypes" signature="()" line-rate="0" branch-rate="1" complexity="1">
              <lines>
                <line number="61" hits="0" branch="false" />
              </lines>
            </method>
            <method name="GetServiceAsync" signature="(TServiceType,System.Threading.CancellationToken)" line-rate="0" branch-rate="0" complexity="2">
              <lines>
                <line number="114" hits="0" branch="false" />
                <line number="115" hits="0" branch="true" condition-coverage="0% (0/2)" />
                <line number="116" hits="0" branch="false" />
                <line number="117" hits="0" branch="false" />
                <line number="118" hits="0" branch="false" />
                <line number="121" hits="0" branch="false" />
                <line number="122" hits="0" branch="false" />
              </lines>
            </method>
            <method name="GetConfigurationAsync" signature="(System.String,System.Threading.CancellationToken)" line-rate="0" branch-rate="0" complexity="2">
              <lines>
                <line number="133" hits="0" branch="false" />
                <line number="136" hits="0" branch="false" />
                <line number="137" hits="0" branch="false" />
                <line number="139" hits="0" branch="true" condition-coverage="0% (0/2)" />
                <line number="140" hits="0" branch="false" />
                <line number="141" hits="0" branch="false" />
                <line number="144" hits="0" branch="false" />
                <line number="145" hits="0" branch="false" />
              </lines>
            </method>
            <method name="ValidateProvider" signature="()" line-rate="0" branch-rate="0" complexity="6">
              <lines>
                <line number="152" hits="0" branch="false" />
                <line number="153" hits="0" branch="true" condition-coverage="0% (0/4)" />
                <line number="154" hits="0" branch="false" />
                <line number="155" hits="0" branch="false" />
                <line number="158" hits="0" branch="true" condition-coverage="0% (0/2)" />
                <line number="159" hits="0" branch="false" />
                <line number="160" hits="0" branch="false" />
                <line number="163" hits="0" branch="false" />
                <line number="164" hits="0" branch="false" />
              </lines>
            </method>
            <method name=".ctor" signature="(Microsoft.Extensions.Logging.ILogger`1&lt;FractalDataWorks.Services.ServiceTypeProviderBase`3&lt;TService,TServiceType,TConfiguration&gt;&gt;,FractalDataWorks.Services.IConfigurationRegistry`1&lt;TConfiguration&gt;,System.Collections.Generic.IEnumerable`1&lt;TServiceType&gt;)" line-rate="0" branch-rate="0" complexity="10">
              <lines>
                <line number="32" hits="0" branch="false" />
                <line number="33" hits="0" branch="false" />
                <line number="34" hits="0" branch="false" />
                <line number="35" hits="0" branch="false" />
                <line number="36" hits="0" branch="false" />
                <line number="37" hits="0" branch="true" condition-coverage="0% (0/2)" />
                <line number="38" hits="0" branch="true" condition-coverage="0% (0/2)" />
                <line number="39" hits="0" branch="true" condition-coverage="0% (0/6)" />
                <line number="40" hits="0" branch="false" />
                <line number="41" hits="0" branch="false" />
              </lines>
            </method>
            <method name=".ctor" signature="(FractalDataWorks.Services.IConfigurationRegistry`1&lt;TConfiguration&gt;,System.Collections.Generic.IEnumerable`1&lt;TServiceType&gt;)" line-rate="0" branch-rate="0" complexity="8">
              <lines>
                <line number="48" hits="0" branch="false" />
                <line number="49" hits="0" branch="false" />
                <line number="50" hits="0" branch="false" />
                <line number="51" hits="0" branch="false" />
                <line number="52" hits="0" branch="false" />
                <line number="53" hits="0" branch="true" condition-coverage="0% (0/2)" />
                <line number="54" hits="0" branch="true" condition-coverage="0% (0/6)" />
                <line number="55" hits="0" branch="false" />
                <line number="56" hits="0" branch="false" />
              </lines>
            </method>
            <method name="GetAllServicesAsync" signature="()" line-rate="0" branch-rate="0" complexity="2">
              <lines>
                <line number="173" hits="0" branch="false" />
                <line number="174" hits="0" branch="false" />
                <line number="176" hits="0" branch="true" condition-coverage="0% (0/2)" />
                <line number="177" hits="0" branch="false" />
                <line number="178" hits="0" branch="false" />
                <line number="179" hits="0" branch="false" />
                <line number="180" hits="0" branch="false" />
                <line number="182" hits="0" branch="false" />
                <line number="183" hits="0" branch="false" />
              </lines>
            </method>
            <method name="GetServiceAsync" signature="()" line-rate="0" branch-rate="0" complexity="12">
              <lines>
                <line number="72" hits="0" branch="false" />
                <line number="73" hits="0" branch="true" condition-coverage="0% (0/2)" />
                <line number="74" hits="0" branch="false" />
                <line number="75" hits="0" branch="false" />
                <line number="76" hits="0" branch="false" />
                <line number="79" hits="0" branch="true" condition-coverage="0% (0/2)" />
                <line number="80" hits="0" branch="false" />
                <line number="81" hits="0" branch="false" />
                <line number="82" hits="0" branch="false" />
                <line number="86" hits="0" branch="false" />
                <line number="87" hits="0" branch="true" condition-coverage="0% (0/2)" />
                <line number="88" hits="0" branch="false" />
                <line number="89" hits="0" branch="true" condition-coverage="0% (0/2)" />
                <line number="90" hits="0" branch="false" />
                <line number="94" hits="0" branch="false" />
                <line number="95" hits="0" branch="true" condition-coverage="0% (0/2)" />
                <line number="96" hits="0" branch="false" />
                <line number="97" hits="0" branch="true" condition-coverage="0% (0/2)" />
                <line number="98" hits="0" branch="false" />
                <line number="101" hits="0" branch="false" />
                <line number="102" hits="0" branch="false" />
                <line number="103" hits="0" branch="false" />
              </lines>
            </method>
          </methods>
          <lines>
            <line number="32" hits="0" branch="false" />
            <line number="33" hits="0" branch="false" />
            <line number="34" hits="0" branch="false" />
            <line number="35" hits="0" branch="false" />
            <line number="36" hits="0" branch="false" />
            <line number="37" hits="0" branch="true" condition-coverage="0% (0/2)" />
            <line number="38" hits="0" branch="true" condition-coverage="0% (0/2)" />
            <line number="39" hits="0" branch="true" condition-coverage="0% (0/6)" />
            <line number="40" hits="0" branch="false" />
            <line number="41" hits="0" branch="false" />
            <line number="48" hits="0" branch="false" />
            <line number="49" hits="0" branch="false" />
            <line number="50" hits="0" branch="false" />
            <line number="51" hits="0" branch="false" />
            <line number="52" hits="0" branch="false" />
            <line number="53" hits="0" branch="true" condition-coverage="0% (0/2)" />
            <line number="54" hits="0" branch="true" condition-coverage="0% (0/6)" />
            <line number="55" hits="0" branch="false" />
            <line number="56" hits="0" branch="false" />
            <line number="61" hits="0" branch="false" />
            <line number="72" hits="0" branch="false" />
            <line number="73" hits="0" branch="true" condition-coverage="0% (0/2)" />
            <line number="74" hits="0" branch="false" />
            <line number="75" hits="0" branch="false" />
            <line number="76" hits="0" branch="false" />
            <line number="79" hits="0" branch="true" condition-coverage="0% (0/2)" />
            <line number="80" hits="0" branch="false" />
            <line number="81" hits="0" branch="false" />
            <line number="82" hits="0" branch="false" />
            <line number="86" hits="0" branch="false" />
            <line number="87" hits="0" branch="true" condition-coverage="0% (0/2)" />
            <line number="88" hits="0" branch="false" />
            <line number="89" hits="0" branch="true" condition-coverage="0% (0/2)" />
            <line number="90" hits="0" branch="false" />
            <line number="94" hits="0" branch="false" />
            <line number="95" hits="0" branch="true" condition-coverage="0% (0/2)" />
            <line number="96" hits="0" branch="false" />
            <line number="97" hits="0" branch="true" condition-coverage="0% (0/2)" />
            <line number="98" hits="0" branch="false" />
            <line number="101" hits="0" branch="false" />
            <line number="102" hits="0" branch="false" />
            <line number="103" hits="0" branch="false" />
            <line number="114" hits="0" branch="false" />
            <line number="115" hits="0" branch="true" condition-coverage="0% (0/2)" />
            <line number="116" hits="0" branch="false" />
            <line number="117" hits="0" branch="false" />
            <line number="118" hits="0" branch="false" />
            <line number="121" hits="0" branch="false" />
            <line number="122" hits="0" branch="false" />
            <line number="133" hits="0" branch="false" />
            <line number="136" hits="0" branch="false" />
            <line number="137" hits="0" branch="false" />
            <line number="139" hits="0" branch="true" condition-coverage="0% (0/2)" />
            <line number="140" hits="0" branch="false" />
            <line number="141" hits="0" branch="false" />
            <line number="144" hits="0" branch="false" />
            <line number="145" hits="0" branch="false" />
            <line number="152" hits="0" branch="false" />
            <line number="153" hits="0" branch="true" condition-coverage="0% (0/4)" />
            <line number="154" hits="0" branch="false" />
            <line number="155" hits="0" branch="false" />
            <line number="158" hits="0" branch="true" condition-coverage="0% (0/2)" />
            <line number="159" hits="0" branch="false" />
            <line number="160" hits="0" branch="false" />
            <line number="163" hits="0" branch="false" />
            <line number="164" hits="0" branch="false" />
            <line number="173" hits="0" branch="false" />
            <line number="174" hits="0" branch="false" />
            <line number="176" hits="0" branch="true" condition-coverage="0% (0/2)" />
            <line number="177" hits="0" branch="false" />
            <line number="178" hits="0" branch="false" />
            <line number="179" hits="0" branch="false" />
            <line number="180" hits="0" branch="false" />
            <line number="182" hits="0" branch="false" />
            <line number="183" hits="0" branch="false" />
          </lines>
        </class>
      </classes>
    </package>
  </packages>
</coverage>